<?xml version="1.0" encoding="UTF-8" ?>
<testsuite tests="18" failures="0" name="CalculatorTest" time="0.034" errors="0" skipped="0">
  <properties>
[...]
</properties>
  <testcase classname="CalculatorTest" name="calcSumOfNegativeNumberAndZero" time="0.023"/>
  <testcase classname="CalculatorTest" name="calcDivOfIntegers" time="0"/>
  <testcase classname="CalculatorTest" name="calcSumOfNegativeAndPositiveNumbers" time="0"/>
  <testcase classname="CalculatorTest" name="calcSumOfPositiveIntegers" time="0"/>
  <testcase classname="CalculatorTest" name="calcSumOfDoubleAndInteger" time="0"/>
  <testcase classname="CalculatorTest" name="calcMultOfNegativeByZero" time="0"/>
  <testcase classname="CalculatorTest" name="calcMultByZero" time="0.001"/>
  <testcase classname="CalculatorTest" name="calcPercent" time="0"/>
  <testcase classname="CalculatorTest" name="calcDivOfNegativeIntegers" time="0.001"/>
  <testcase classname="CalculatorTest" name="calcSumOfDoubleNumbers" time="0.001"/>
  <testcase classname="CalculatorTest" name="calcSubOfIntegerFromZero" time="0.001"/>
  <testcase classname="CalculatorTest" name="calcSubOfNegativeNumberFromZero" time="0"/>
  <testcase classname="CalculatorTest" name="calcMultOfNegativeDoubleNumbers" time="0"/>
  <testcase classname="CalculatorTest" name="calcSumOfZeroAndPositiveInteger" time="0"/>
  <testcase classname="CalculatorTest" name="divideByZero" time="0"/>
  <testcase classname="CalculatorTest" name="calcSubOfZeroFromInteger" time="0.005"/>
  <testcase classname="CalculatorTest" name="calcSubOfNegativeDoubleNumbers" time="0.001"/>
  <testcase classname="CalculatorTest" name="calcSumOfNegativeIntegers" time="0.001"/>
</testsuite>